<?xml version="1.0" encoding="UTF-8"?>
<testsuite name="ru.gstu.templater.ConfigurationLoaderTest" tests="2" skipped="0" failures="0" errors="0" timestamp="2025-11-19T20:29:21" hostname="PANDA" time="0.041">
  <properties/>
  <testcase name="testLoadsPropertiesSuccessfully()" classname="ru.gstu.templater.ConfigurationLoaderTest" time="0.037"/>
  <testcase name="testThrowsExceptionForMissingFile()" classname="ru.gstu.templater.ConfigurationLoaderTest" time="0.003"/>
  <system-out><![CDATA[]]></system-out>
  <system-err><![CDATA[]]></system-err>
</testsuite>
