<?xml version="1.0" encoding="UTF-8"?>
<testsuite name="ru.gstu.templater.TemplaterTest" tests="3" skipped="0" failures="0" errors="0" timestamp="2025-11-19T20:29:21" hostname="PANDA" time="0.005">
  <properties/>
  <testcase name="testProcessWithNoPlaceholders()" classname="ru.gstu.templater.TemplaterTest" time="0.002"/>
  <testcase name="testProcessWithValidPlaceholders()" classname="ru.gstu.templater.TemplaterTest" time="0.001"/>
  <testcase name="testProcessWithMissingPlaceholder()" classname="ru.gstu.templater.TemplaterTest" time="0.0"/>
  <system-out><![CDATA[]]></system-out>
  <system-err><![CDATA[]]></system-err>
</testsuite>
