<?xml version="1.0" encoding="UTF-8"?>
<testsuite name="ru.gstu.templater.DataReaderTest" tests="2" skipped="0" failures="0" errors="0" timestamp="2025-11-19T20:29:21" hostname="PANDA" time="0.03">
  <properties/>
  <testcase name="testReadProperties()" classname="ru.gstu.templater.DataReaderTest" time="0.005"/>
  <testcase name="testReadAndFlattenJson()" classname="ru.gstu.templater.DataReaderTest" time="0.025"/>
  <system-out><![CDATA[]]></system-out>
  <system-err><![CDATA[]]></system-err>
</testsuite>
